Compiling cust/ap_pub.c ...
Compiling cust/crypt_crc.c ...
Compiling cust/iot_aes_pub.c ...
cust/iot_aes_pub.c: In function 'aes_sample':
cust/iot_aes_pub.c:85: warning: unused variable 'PlainLen'
Compiling cust/iot_at_cmd.c ...
cust/iot_at_cmd.c: In function 'iot_exec_atcmd_ate_cal2':
cust/iot_at_cmd.c:171: warning: implicit declaration of function 'MT7681_Set_ATE_TX_BW_Proc'
cust/iot_at_cmd.c:197: warning: implicit declaration of function 'Set_ATE_TX_PAYLOAD_LEN'
cust/iot_at_cmd.c:209: warning: implicit declaration of function 'Set_ATE_TX_Speed_Proc'
cust/iot_at_cmd.c:215: warning: implicit declaration of function 'Set_ATE_TX_Cnt_Per_Speed'
cust/iot_at_cmd.c:221: warning: implicit declaration of function 'Set_ATE_RX_DURATION'
cust/iot_at_cmd.c:227: warning: implicit declaration of function 'Set_ATE_BBP_TXPWR0'
cust/iot_at_cmd.c: In function 'ate_cmd_cali_hdlr':
cust/iot_at_cmd.c:331: warning: implicit declaration of function 'ATE_INIT'
cust/iot_at_cmd.c:333: warning: implicit declaration of function 'ATE_TXFRAME'
cust/iot_at_cmd.c:335: warning: implicit declaration of function 'ATE_RXFRAME'
cust/iot_at_cmd.c:337: warning: implicit declaration of function 'ATE_STOP'
cust/iot_at_cmd.c: In function 'iot_exec_atcmd_ate_cal':
cust/iot_at_cmd.c:477: warning: implicit declaration of function 'ate_cmd_cali_stat'
cust/iot_at_cmd.c: In function 'iot_atcmd_parser':
cust/iot_at_cmd.c:1089: warning: implicit declaration of function 'iot_xmodem_update_fw_start'
cust/iot_at_cmd.c:1091: warning: implicit declaration of function 'iot_xmodem_update_fw_stop'
cust/iot_at_cmd.c:936: warning: unused variable 'cTypeLen'
cust/iot_at_cmd.c: In function 'RTMPIoctlE2PROM':
cust/iot_at_cmd.c:293: warning: control reaches end of non-void function
Compiling cust/iot_at_cmd_tcpip.c ...
Compiling cust/iot_at_cmd_utility.c ...
Compiling cust/iot_custom.c ...
cust/iot_custom.c: In function 'cust_app_init':
cust/iot_custom.c:246: warning: unused variable 'i'
Compiling cust/iot_custom_uart2wifi.c ...
Compiling cust/iot_parse.c ...
Compiling cust/iot_parse_conn_mgmt.c ...
Compiling cust/iot_uart_rb.c ...
cust/iot_uart_rb.c: In function 'uart_put_bytes':
cust/iot_uart_rb.c:91: warning: initialization discards qualifiers from pointer target type
Compiling cust/iot_uplink.c ...
Compiling cust/iot_xmodem.c ...
Compiling cust/main_pub.c ...
cust/main_pub.c: In function 'main':
cust/main_pub.c:96: warning: implicit declaration of function 'sysTASK_RegTask'
Compiling cust/misc_pub.c ...
Compiling cust/mt7681_ChSw_pub.c ...
Compiling cust/printf.c ...
Compiling cust/rtmp_data_pub.c ...
cust/rtmp_data_pub.c: In function 'STAHandleRxDataFrame':
cust/rtmp_data_pub.c:272: warning: unused variable 'rawpacketlength'
cust/rtmp_data_pub.c:271: warning: unused variable 'rawpacket'
cust/rtmp_data_pub.c: In function 'WifiRxDoneInterruptHandle':
cust/rtmp_data_pub.c:508: warning: implicit declaration of function 'Update_Rssi_Sample'
cust/rtmp_data_pub.c: In function 'STAFindCipherAlgorithm':
cust/rtmp_data_pub.c:806: warning: unused variable 'TxFrameType'
cust/rtmp_data_pub.c: In function 'sta_legacy_frame_tx':
cust/rtmp_data_pub.c:1026: warning: implicit declaration of function 'WriteSingleTxResource'
cust/rtmp_data_pub.c: In function 'PeerBeaconCHInfoParse':
cust/rtmp_data_pub.c:1479: warning: implicit declaration of function 'RTMPZeroMemory'
cust/rtmp_data_pub.c:1484: warning: implicit declaration of function 'PeerBeaconAndProbeRspSanity'
Compiling cust/spi-flash_pub.c ...
Compiling cust/stdlib.c ...
Compiling cust/tcpip/clock-arch.c ...
Compiling cust/tcpip/cloudclient.c ...
Compiling cust/tcpip/dhcpc.c ...
Compiling cust/tcpip/dhcpd.c ...
Compiling cust/tcpip/iot_tcp_app.c ...
cust/tcpip/iot_tcp_app.c: In function 'iot_tcp_app_init':
cust/tcpip/iot_tcp_app.c:50: warning: implicit declaration of function 'cloud_para_check_connect'
cust/tcpip/iot_tcp_app.c: In function 'iot_tcp_appcall':
cust/tcpip/iot_tcp_app.c:93: warning: implicit declaration of function 'cloud_activation_process'
cust/tcpip/iot_tcp_app.c:107: warning: implicit declaration of function 'cloudClient_tcpAppcall'
Compiling cust/tcpip/iot_tcpip_interface.c ...
Compiling cust/tcpip/iot_udp_app.c ...
Compiling cust/tcpip/memb.c ...
Compiling cust/tcpip/mt76xx_dev.c ...
Compiling cust/tcpip/resolv.c ...
cust/tcpip/resolv.c: In function 'resolv_conf':
cust/tcpip/resolv.c:425: warning: passing argument 1 of 'uip_udp_new' from incompatible pointer type
src/tcpip/uip/uip.h:839: note: expected 'u16_t (*)[2]' but argument is of type 'u16_t *'
Compiling cust/tcpip/sample_resolv_usage.c ...
cust/tcpip/sample_resolv_usage.c: In function 'resolv_usage_init':
cust/tcpip/sample_resolv_usage.c:36: warning: passing argument 1 of 'uip_udp_new' from incompatible pointer type
src/tcpip/uip/uip.h:839: note: expected 'u16_t (*)[2]' but argument is of type 'u16_t *'
cust/tcpip/sample_resolv_usage.c:36: warning: assignment from incompatible pointer type
Compiling cust/tcpip/sample_udp_client.c ...
Compiling cust/tcpip/sample_udp_server.c ...
cust/tcpip/sample_udp_server.c: In function 'handle_udp_srv_app1':
cust/tcpip/sample_udp_server.c:44: warning: pointer targets in passing argument 1 of 'strlen' differ in signedness
src/include/string.h:25: note: expected 'const char *' but argument is of type 'uint8 *'
Compiling cust/tcpip/tcpip_main.c ...
cust/tcpip/tcpip_main.c: In function 'tcpip_periodic_timer':
cust/tcpip/tcpip_main.c:202: warning: implicit declaration of function 'cloud_tcp_conn_check'
Compiling cust/tcpip/uip-fw.c ...
Compiling cust/tcpip/uip-neighbor.c ...
Compiling cust/tcpip/uip-split.c ...
Compiling cust/tcpip/uip.c ...
Compiling cust/tcpip/uip_arp.c ...
Compiling cust/tcpip/uip_timer.c ...
Compiling cust/tcpip/uiplib.c ...
Compiling cust/tcpip/webclient-strings.c ...
Compiling cust/tcpip/webclient.c ...
cust/tcpip/webclient.c: In function 'webclient_datahandler':
cust/tcpip/webclient.c:405: warning: implicit declaration of function 'cloud_http_callback'
Compiling cust/wifi_task_pub.c ...
cust/wifi_task_pub.c: In function 'wifiTASK_LowPrioTask':
cust/wifi_task_pub.c:199: warning: implicit declaration of function 'sysTASK_DeassertSignal'
cust/wifi_task_pub.c:201: warning: implicit declaration of function 'handle_fce_int'
cust/wifi_task_pub.c:222: warning: implicit declaration of function 'iot_set_rec2loader_flag'
cust/wifi_task_pub.c:246: warning: implicit declaration of function 'ate_period_exec'
cust/wifi_task_pub.c:272: warning: implicit declaration of function 'sysTASK_AssertSignal'
cust/wifi_task_pub.c: In function 'recovery_fota_update':
cust/wifi_task_pub.c:177: warning: control reaches end of non-void function
Linking out/recovery/MT7681_recovery.elf ...
Making out/recovery/MT7681_recovery_old.bin ...
Making out/recovery/MT7681_recovery_ram.bin ...
Making out/recovery/MT7681_recovery_xip.bin ...
Making out/recovery/MT7681_recovery_overlay.bin ...
